Determining if the pthread_create exist failed with the following output:
Change Dir: /home/robolab1/Documents/CleanBot/ros_ws/build/catkin_tools_prebuild/CMakeFiles/CMakeTmp

Run Build Command:"/usr/bin/make" "cmTC_1e122/fast"
/usr/bin/make -f CMakeFiles/cmTC_1e122.dir/build.make CMakeFiles/cmTC_1e122.dir/build
make[1]: Entering directory '/home/robolab1/Documents/CleanBot/ros_ws/build/catkin_tools_prebuild/CMakeFiles/CMakeTmp'
Building C object CMakeFiles/cmTC_1e122.dir/CheckSymbolExists.c.o
/usr/bin/cc    -o CMakeFiles/cmTC_1e122.dir/CheckSymbolExists.c.o   -c /home/robolab1/Documents/CleanBot/ros_ws/build/catkin_tools_prebuild/CMakeFiles/CMakeTmp/CheckSymbolExists.c
Linking C executable cmTC_1e122
/usr/bin/cmake -E cmake_link_script CMakeFiles/cmTC_1e122.dir/link.txt --verbose=1
/usr/bin/cc      -rdynamic CMakeFiles/cmTC_1e122.dir/CheckSymbolExists.c.o  -o cmTC_1e122 
CMakeFiles/cmTC_1e122.dir/CheckSymbolExists.c.o: In function `main':
CheckSymbolExists.c:(.text+0x1b): undefined reference to `pthread_create'
collect2: error: ld returned 1 exit status
CMakeFiles/cmTC_1e122.dir/build.make:97: recipe for target 'cmTC_1e122' failed
make[1]: *** [cmTC_1e122] Error 1
make[1]: Leaving directory '/home/robolab1/Documents/CleanBot/ros_ws/build/catkin_tools_prebuild/CMakeFiles/CMakeTmp'
Makefile:126: recipe for target 'cmTC_1e122/fast' failed
make: *** [cmTC_1e122/fast] Error 2

File /home/robolab1/Documents/CleanBot/ros_ws/build/catkin_tools_prebuild/CMakeFiles/CMakeTmp/CheckSymbolExists.c:
/* */
#include <pthread.h>

int main(int argc, char** argv)
{
  (void)argv;
#ifndef pthread_create
  return ((int*)(&pthread_create))[argc];
#else
  (void)argc;
  return 0;
#endif
}

Determining if the function pthread_create exists in the pthreads failed with the following output:
Change Dir: /home/robolab1/Documents/CleanBot/ros_ws/build/catkin_tools_prebuild/CMakeFiles/CMakeTmp

Run Build Command:"/usr/bin/make" "cmTC_0eb28/fast"
/usr/bin/make -f CMakeFiles/cmTC_0eb28.dir/build.make CMakeFiles/cmTC_0eb28.dir/build
make[1]: Entering directory '/home/robolab1/Documents/CleanBot/ros_ws/build/catkin_tools_prebuild/CMakeFiles/CMakeTmp'
Building C object CMakeFiles/cmTC_0eb28.dir/CheckFunctionExists.c.o
/usr/bin/cc   -DCHECK_FUNCTION_EXISTS=pthread_create   -o CMakeFiles/cmTC_0eb28.dir/CheckFunctionExists.c.o   -c /usr/share/cmake-3.10/Modules/CheckFunctionExists.c
Linking C executable cmTC_0eb28
/usr/bin/cmake -E cmake_link_script CMakeFiles/cmTC_0eb28.dir/link.txt --verbose=1
/usr/bin/cc  -DCHECK_FUNCTION_EXISTS=pthread_create    -rdynamic CMakeFiles/cmTC_0eb28.dir/CheckFunctionExists.c.o  -o cmTC_0eb28 -lpthreads 
/usr/bin/ld: cannot find -lpthreads
collect2: error: ld returned 1 exit status
CMakeFiles/cmTC_0eb28.dir/build.make:97: recipe for target 'cmTC_0eb28' failed
make[1]: *** [cmTC_0eb28] Error 1
make[1]: Leaving directory '/home/robolab1/Documents/CleanBot/ros_ws/build/catkin_tools_prebuild/CMakeFiles/CMakeTmp'
Makefile:126: recipe for target 'cmTC_0eb28/fast' failed
make: *** [cmTC_0eb28/fast] Error 2


